c:\users\hekun\documents\cocos\cocosprojects\stickhero\proj.win32\debug.win32\vc120.pdb
c:\users\hekun\documents\cocos\cocosprojects\stickhero\proj.win32\debug.win32\helloworldscene.obj
c:\users\hekun\documents\cocos\cocosprojects\stickhero\proj.win32\debug.win32\appdelegate.obj
c:\users\hekun\documents\cocos\cocosprojects\stickhero\proj.win32\debug.win32\stickhero.ilk
c:\users\hekun\documents\cocos\cocosprojects\stickhero\proj.win32\debug.win32\stickhero.exe
c:\users\hekun\documents\cocos\cocosprojects\stickhero\proj.win32\debug.win32\stickhero.pdb
c:\users\hekun\documents\cocos\cocosprojects\stickhero\proj.win32\debug.win32\game.res
c:\users\hekun\documents\cocos\cocosprojects\stickhero\proj.win32\debug.win32\stickhero.lib
c:\users\hekun\documents\cocos\cocosprojects\stickhero\proj.win32\debug.win32\stickhero.exp
c:\users\hekun\documents\cocos\cocosprojects\stickhero\proj.win32\debug.win32\main.obj
c:\users\hekun\documents\cocos\cocosprojects\stickhero\proj.win32\debug.win32\vc120.idb
c:\users\hekun\documents\cocos\cocosprojects\stickhero\proj.win32\debug.win32\stickhero.tlog\cl.command.1.tlog
c:\users\hekun\documents\cocos\cocosprojects\stickhero\proj.win32\debug.win32\stickhero.tlog\cl.read.1.tlog
c:\users\hekun\documents\cocos\cocosprojects\stickhero\proj.win32\debug.win32\stickhero.tlog\cl.write.1.tlog
c:\users\hekun\documents\cocos\cocosprojects\stickhero\proj.win32\debug.win32\stickhero.tlog\link.command.1.tlog
c:\users\hekun\documents\cocos\cocosprojects\stickhero\proj.win32\debug.win32\stickhero.tlog\link.read.1.tlog
c:\users\hekun\documents\cocos\cocosprojects\stickhero\proj.win32\debug.win32\stickhero.tlog\link.write.1.tlog
c:\users\hekun\documents\cocos\cocosprojects\stickhero\proj.win32\debug.win32\stickhero.tlog\rc.command.1.tlog
c:\users\hekun\documents\cocos\cocosprojects\stickhero\proj.win32\debug.win32\stickhero.tlog\rc.read.1.tlog
c:\users\hekun\documents\cocos\cocosprojects\stickhero\proj.win32\debug.win32\stickhero.tlog\rc.write.1.tlog
c:\users\hekun\documents\cocos\cocosprojects\stickhero\proj.win32\debug.win32\stickhero.tlog\stickhero.write.1u.tlog
